<?xml version='1.0' encoding='utf-8'?>

<knora xmlns="https://dasch.swiss/schema"
       xmlns:xsi="http://www.w3.org/2001/XMLSchema-instance"
       xsi:schemaLocation="https://dasch.swiss/schema ../../src/dsp_tools/resources/schema/data.xsd"
       shortcode="4123"
       default-ontology="testonto">

    <!-- :permissions see https://docs.dasch.swiss/latest/DSP-API/02-knora-ontologies/knora-base/#permissions -->
    <permissions id="res-default">
        <allow group="UnknownUser">RV</allow>
        <allow group="KnownUser">V</allow>
        <allow group="Creator">CR</allow>
        <allow group="ProjectAdmin">CR</allow>
    </permissions>
    <permissions id="res-restricted">
        <allow group="KnownUser">V</allow>
        <allow group="Creator">CR</allow>
        <allow group="ProjectAdmin">CR</allow>
    </permissions>
    <permissions id="prop-default">
        <allow group="UnknownUser">V</allow>
        <allow group="KnownUser">V</allow>
        <allow group="Creator">CR</allow>
        <allow group="ProjectAdmin">CR</allow>
    </permissions>
    <permissions id="prop-restricted">
        <allow group="KnownUser">V</allow>
        <allow group="Creator">CR</allow>
        <allow group="ProjectAdmin">CR</allow>
    </permissions>

    <resource label="TestThing2Incremental"
              restype=":TestThing2"
              id="TestThing2Incremental">
        <unformatted-text-prop name=":hasSimpleText">
            <text>Text</text>
        </unformatted-text-prop>
        <resptr-prop name=":hasTestThing">
            <resptr permissions="prop-default">test_thing_1</resptr>
            <resptr permissions="prop-default">test_thing_2</resptr>
        </resptr-prop>
    </resource>


</knora>
