<?xml version='1.0' encoding='utf-8'?>

<knora xmlns="https://dasch.swiss/schema"
       xmlns:xsi="http://www.w3.org/2001/XMLSchema-instance"
       xsi:schemaLocation="https://dasch.swiss/schema ../../src/dsp_tools/resources/schema/data.xsd"
       shortcode="4123"
       default-ontology="testonto">

    <resource label="TestThing2Incremental" restype=":TestThing2" id="TestThing2Incremental">
        <unformatted-text-prop name=":hasSimpleText"><text>Text</text></unformatted-text-prop>
        <resptr-prop name=":hasTestThing">
            <resptr>test_thing_1</resptr>
            <resptr>test_thing_2</resptr>
        </resptr-prop>
    </resource>

</knora>
