<?xml version='1.0' encoding='utf-8'?>

<knora xmlns="https://dasch.swiss/schema"
       xmlns:xsi="http://www.w3.org/2001/XMLSchema-instance"
       xsi:schemaLocation="https://dasch.swiss/schema ../../src/dsp_tools/resources/schema/data.xsd"
       shortcode="4123"
       default-ontology="testonto">

    <resource label="no_replacements" restype=":TestThing" id="no_replacements">
        <text-prop name=":hasSimpleText">
            <text encoding="utf8">Text</text>
        </text-prop>
        <text-prop name=":hasRichtext">
            <text encoding="xml">Text</text>
        </text-prop>
        <boolean-prop name=":hasBoolean">
            <boolean>true</boolean>
        </boolean-prop>
    </resource>

    <resource label="resptr_only" restype=":TestThing" id="resptr_only">
        <text-prop name=":hasSimpleText">
            <text encoding="utf8">Text</text>
        </text-prop>
        <text-prop name=":hasRichtext">
            <text encoding="xml">Text</text>
        </text-prop>
        <resptr-prop name=":hasTestThing2">
            <resptr>test_thing_1</resptr>
            <resptr>test_thing_2</resptr>
        </resptr-prop>
    </resource>

    <resource label="salsah_link_only" restype=":TestThing" id="salsah_link_only">
        <text-prop name=":hasSimpleText">
            <text encoding="utf8">Text</text>
        </text-prop>
        <text-prop name=":hasRichtext">
            <text encoding="xml">
                Text with <a class="salsah-link" href="IRI:test_thing_2:IRI">link to test_thing_2</a>
                and <a class="salsah-link" href="IRI:test_thing_3:IRI">link to test_thing_3</a> 
                and <strong>a bold <a class="salsah-link" href="IRI:test_thing_4:IRI">link to test_thing_4</a></strong>
                and trailing text.
            </text>
        </text-prop>
        <boolean-prop name=":hasBoolean">
            <boolean>true</boolean>
        </boolean-prop>
    </resource>

    <resource label="resptr_and_salsah_link" restype=":TestThing" id="resptr_and_salsah_link">
        <text-prop name=":hasSimpleText">
            <text encoding="utf8">Text</text>
        </text-prop>
        <text-prop name=":hasRichtext">
            <text encoding="xml">
                Text with <a class="salsah-link" href="IRI:test_thing_2:IRI">link to test_thing_2</a>
                and <a class="salsah-link" href="IRI:test_thing_3:IRI">link to test_thing_3</a> 
                and <strong>a bold <a class="salsah-link" href="IRI:test_thing_4:IRI">link to test_thing_4</a></strong>
                and trailing text.
            </text>
        </text-prop>
        <resptr-prop name=":hasTestThing2">
            <resptr>test_thing_1</resptr>
            <resptr>test_thing_2</resptr>
        </resptr-prop>
    </resource>

</knora>
