<?xml version='1.0' encoding='utf-8'?>

<knora xmlns="https://dasch.swiss/schema"
       xmlns:xsi="http://www.w3.org/2001/XMLSchema-instance"
       xsi:schemaLocation="https://dasch.swiss/schema ../../src/dsp_tools/resources/schema/data.xsd"
       shortcode="4123"
       default-ontology="testonto">

    <resource label="no_replacements" restype=":TestThing" id="no_replacements">
        <unformatted-text-prop name=":hasUnformattedText">
            <text>Text</text>
        </unformatted-text-prop>
        <formatted-text-prop name=":hasFormattedText">
            <text>Text</text>
        </formatted-text-prop>
        <boolean-prop name=":hasBoolean">
            <boolean>true</boolean>
        </boolean-prop>
    </resource>

    <resource label="resptr_only" restype=":TestThing" id="resptr_only">
        <unformatted-text-prop name=":hasUnformattedText">
            <text>Text</text>
        </unformatted-text-prop>
        <formatted-text-prop name=":hasFormattedText">
            <text>Text</text>
        </formatted-text-prop>
        <resptr-prop name=":hasTestThing2">
            <resptr>test_thing_0</resptr>
            <resptr>test_thing_with_ark_1</resptr>
        </resptr-prop>
        <boolean-prop name=":hasBoolean">
            <boolean>true</boolean>
        </boolean-prop>
    </resource>

    <resource label="salsah_link_only" restype=":TestThing" id="salsah_link_only">
        <unformatted-text-prop name=":hasUnformattedText">
            <text>Text</text>
        </unformatted-text-prop>
        <formatted-text-prop name=":hasFormattedText">
            <text>
                Text with a <a class="salsah-link" href="IRI:test_thing_1:IRI">link to test_thing_1</a>
                and <strong>a bold 
                    <em>and italicized
                        <a class="salsah-link" href="IRI:test_thing_2:IRI">link to test_thing_2</a>
                    </em>
                </strong>
                and trailing text
                and a <a class="salsah-link" href="IRI:test_thing_with_ark_1:IRI">link to test_thing_with_ark_1</a> 
            </text>
        </formatted-text-prop>
        <boolean-prop name=":hasBoolean">
            <boolean>true</boolean>
        </boolean-prop>
    </resource>

    <resource label="resptr_and_salsah_link" restype=":TestThing" id="resptr_and_salsah_link">
        <unformatted-text-prop name=":hasUnformattedText">
            <text>Text</text>
        </unformatted-text-prop>
        <formatted-text-prop name=":hasFormattedText">
            <text>
                Text with a <a class="salsah-link" href="IRI:test_thing_1:IRI">link to test_thing_1</a>
                and <strong>a bold 
                    <em>and italicized
                        <a class="salsah-link" href="IRI:test_thing_2:IRI">link to test_thing_2</a>
                    </em>
                </strong>
                and trailing text
                and a <a class="salsah-link" href="IRI:test_thing_with_ark_1:IRI">link to test_thing_with_ark_1</a> 
            </text>
        </formatted-text-prop>
        <resptr-prop name=":hasTestThing2">
            <resptr>test_thing_0</resptr>
            <resptr>test_thing_with_ark_1</resptr>
        </resptr-prop>
        <boolean-prop name=":hasBoolean">
            <boolean>true</boolean>
        </boolean-prop>
    </resource>

</knora>
