<?xml version='1.0' encoding='utf-8'?>

<knora xmlns="https://dasch.swiss/schema"
       xmlns:xsi="http://www.w3.org/2001/XMLSchema-instance"
       xsi:schemaLocation="https://dasch.swiss/schema ../../src/dsp_tools/resources/schema/data.xsd"
       shortcode="4123"
       default-ontology="testonto">

    <!-- permissions: see https://docs.dasch.swiss/latest/DSP-API/02-knora-ontologies/knora-base/#permissions -->
    <permissions id="public">
        <allow group="UnknownUser">V</allow>
        <allow group="KnownUser">V</allow>
        <allow group="ProjectMember">D</allow>
        <allow group="ProjectAdmin">CR</allow>
    </permissions>
    <permissions id="limited_view">
        <allow group="UnknownUser">RV</allow>
        <allow group="KnownUser">RV</allow>
        <allow group="ProjectMember">D</allow>
        <allow group="ProjectAdmin">CR</allow>
    </permissions>
    <permissions id="private">
        <allow group="ProjectMember">D</allow>
        <allow group="ProjectAdmin">CR</allow>
    </permissions>
    <permissions id="discouraged-edge-cases">
        <allow group="SystemAdmin">CR</allow>
        <allow group="Creator">M</allow>
        <allow group="systematic-tp:testgroupEditors">M</allow>
    </permissions>

    <authorship id="authorship_1">
        <author>
            Cavanagh, Annie
        </author>
    </authorship>
    <authorship id="authorship_2">
        <author>Johannes Nussbaum</author>
    </authorship>
    <authorship id="authorship_3">
        <author>Lukas Rosenthaler</author>
    </authorship>
    <authorship id="authorship_4">
        <author>Nora Ammann</author>
    </authorship>
    <authorship id="authorship_5">
        <author>Nora Ammann</author>
        <author>Johannes Nussbaum</author>
    </authorship>
    <authorship id="authorship_6">
        <author>Johannes Nussbaum</author>
        <author>Perplexity.ai</author>
    </authorship>

    <resource label="TestthingWithArk1"
              restype=":TestThing2"
              id="test_thing_with_ark_1"
              ark="ark:/72163/4123-43ec6evb134-a.2022828">
        <text-prop name=":hasSimpleText"><text encoding="utf8">Hello</text></text-prop>
    </resource>

    <resource label="TestthingOhnePermissions"
              restype=":TestThing2"
              id="test_thing_0"
              creation_date="2019-01-09T15:45:54.502951Z">
        <text-prop name=":hasSimpleText">
            <text encoding="utf8">Dies ist ein TestThing ohne Angabe von permissions</text>
        </text-prop>
        <resptr-prop name=":hasTestThing">
            <resptr permissions="discouraged-edge-cases">test_thing_1</resptr>
        </resptr-prop>
    </resource>

    <resource label="First Testthing"
              restype=":TestThing"
              id="test_thing_1"
              permissions="public">
        <text-prop name="testonto:hasSimpleText">
            <text encoding="utf8">&lt;</text>
            <text encoding="utf8">&amp;lt;</text>
            <text encoding="utf8">text (&lt;2cm) text</text>
            <text encoding="utf8">text (&lt;2cm) text (&gt;10cm) text</text>
            <text encoding="utf8">Bei AU1026 handelt es sich um weissgrauen Sand mit einigen mittelgrossen (&lt;10cm) sowie auch wenigen grossen Kalkbruchsteinen (&gt;10cm), die zumeist scharfkantig sind.</text>
            <text encoding="utf8">&amp;</text>
            <text encoding="utf8">&amp;amp;</text>
            <!-- <text encoding="utf8">&lt;em&gt;text&lt;/em&gt;</text>
            <text encoding="utf8">&lt;tag s=\"t\"&gt;</text> -->
        </text-prop>
        <text-prop name="testonto:hasTextArea">
            <text encoding="utf8">&lt;</text>
            <text encoding="utf8">&amp;lt;</text>
            <text encoding="utf8">&amp;</text>
            <text encoding="utf8">&amp;amp;</text>
            <!-- <text encoding="utf8">&lt;em&gt;text&lt;/em&gt;</text>
            <text encoding="utf8">&lt;tag s=\"t\"&gt;</text>  -->
        </text-prop>
        <text-prop name="testonto:hasRichtext">
            <text encoding="xml">&lt;</text>
            <text encoding="xml">&gt;</text>
            <text encoding="xml">&amp;</text>
            <text encoding="xml"><em>text</em></text>
            <text encoding="xml">text &lt;not a tag&gt; text</text>
            <text encoding="xml">This is <em>italicized and <strong>bold</strong></em> text! </text>
            <text encoding="xml" permissions="public">
                This text contains links to all resources:
                <a class="salsah-link" href="IRI:test_thing_0:IRI">test_thing_0</a>
                <a class="salsah-link" href="IRI:test_thing_1:IRI">test_thing_1</a>
                <a class="salsah-link" href="IRI:image_thing_0:IRI">image_thing_0</a>
                <a class="salsah-link" href="IRI:compound_thing_0:IRI">compound_thing_0</a>
                <a class="salsah-link" href="IRI:partof_thing_1:IRI">partof_thing_1</a>
                <a class="salsah-link" href="IRI:partof_thing_2:IRI">partof_thing_2</a>
                <a class="salsah-link" href="IRI:partof_thing_3:IRI">partof_thing_3</a>
                <a class="salsah-link" href="IRI:document_thing_1:IRI">document_thing_1</a>
                <a class="salsah-link" href="IRI:text_thing_1:IRI">text_thing_1</a>
                <a class="salsah-link" href="IRI:zip_thing_1:IRI">zip_thing_1</a>
                <a class="salsah-link" href="IRI:audio_thing_1:IRI">audio_thing_1</a>
                <a class="salsah-link" href="IRI:test_thing_2:IRI">test_thing_2</a>
                <a class="salsah-link" href="http://rdfh.ch/4123/DiAmYQzQSzC7cdTo6OJMYA">test_thing_with_iri_1</a>
            </text>
            <text encoding="xml">Text with an external link: <a href="https://www.google.com/">Google</a></text>
            <text encoding="xml">Text with a footnote<footnote content="footnote text"/>.</text>
            <text encoding="xml">
                Text<footnote content="Text &lt;a href=&quot;https://www.google.com/&quot;&gt;Google&lt;/a&gt;" />
            </text>
        </text-prop>
        <uri-prop name=":hasUri">
            <uri permissions="public">https://dasch.swiss</uri>
        </uri-prop>
        <boolean-prop name=":hasBoolean">
            <boolean permissions="public">true</boolean>
        </boolean-prop>
        <date-prop name=":hasDate">
            <date permissions="public">JULIAN:BCE:70:CE:1</date>
            <date permissions="public">CE:1849:CE:1850</date>
            <date permissions="public">GREGORIAN:1848-01:1849-02</date>
            <date permissions="public">2022</date>
            <date permissions="public">GREGORIAN:AD:0476-09-04:AD:0476-09-04</date>
            <date permissions="public">GREGORIAN:CE:2014-01-31</date>
            <date permissions="public">ISLAMIC:1:100</date>
        </date-prop>
        <integer-prop name=":hasInteger">
            <integer permissions="public">4711</integer>
        </integer-prop>
        <decimal-prop name=":hasDecimal">
            <decimal permissions="public" comment="Eulersche Zahl">2.718281828459</decimal>
        </decimal-prop>
        <geoname-prop name=":hasGeoname">
            <geoname permissions="public" comment="A sacred place for railroad fans">5416656</geoname>
        </geoname-prop>
        <color-prop name=":hasColor">
            <color permissions="public">#00ff00</color>
        </color-prop>
        <list-prop list="testlist" name=":hasListItem">
            <list permissions="public">first subnode</list>
        </list-prop>
        <resptr-prop name=":hasTestThing2">
            <resptr permissions="public">test_thing_0</resptr>
        </resptr-prop>
        <resptr-prop name=":hasResource">
            <resptr permissions="public">test_thing_0</resptr>
            <resptr permissions="public">test_thing_2</resptr>
            <resptr permissions="public">image_thing_0</resptr>
            <resptr permissions="public">compound_thing_0</resptr>
            <resptr permissions="public">partof_thing_1</resptr>
            <resptr permissions="public">partof_thing_2</resptr>
            <resptr permissions="public">partof_thing_3</resptr>
            <resptr permissions="public">document_thing_1</resptr>
            <resptr permissions="public">text_thing_1</resptr>
            <resptr permissions="public">zip_thing_1</resptr>
            <resptr permissions="public">audio_thing_1</resptr>
            <resptr permissions="public">TestThing2Child1</resptr>
            <resptr permissions="public">TestThing2Child2</resptr>
            <resptr permissions="public">video_thing_1</resptr>
            <resptr permissions="public">region_1</resptr>
            <resptr permissions="public">link_obj_1</resptr>
       </resptr-prop>
        <resptr-prop name=":hasRegion">
            <resptr permissions="public">region_2</resptr>
        </resptr-prop>
        <resptr-prop name=":hasRepresentation">
            <resptr permissions="public">image_thing_0</resptr>
            <resptr permissions="public">video_thing_1</resptr>
            <resptr permissions="public">document_thing_1</resptr>
            <resptr permissions="public">text_thing_1</resptr>
            <resptr permissions="public">zip_thing_1</resptr>
            <resptr permissions="public">audio_thing_1</resptr>
        </resptr-prop>
        <resptr-prop name=":hasMovingImageRepresentation">
            <resptr permissions="public">video_thing_1</resptr>
        </resptr-prop>
    </resource>

    <resource label="Second Testthing"
              restype=":TestThing"
              id="test_thing_2"
              permissions="public">
        <text-prop name=":hasSimpleText">
            <text permissions="public" encoding="utf8">Dies ist ein einfacher Text ohne Markup</text>
            <text encoding="utf8">_</text>
            <text encoding="utf8">!</text>
            <text encoding="utf8">?</text>
            <text encoding="utf8">-</text>
            <text encoding="utf8">œ</text>
        </text-prop>
        <text-prop name=":hasRichtext">
            <text encoding="xml">This is <em>italicized and <strong>bold</strong></em> text! </text>
            <text encoding="xml" permissions="public">
                This text contains links to all resources:
                <a class="salsah-link" href="IRI:test_thing_0:IRI">test_thing_0</a>
                <a class="salsah-link" href="IRI:test_thing_1:IRI">test_thing_1</a>
                <a class="salsah-link" href="IRI:image_thing_0:IRI">image_thing_0</a>
                <a class="salsah-link" href="IRI:compound_thing_0:IRI">compound_thing_0</a>
                <a class="salsah-link" href="IRI:partof_thing_1:IRI">partof_thing_1</a>
                <a class="salsah-link" href="IRI:partof_thing_2:IRI">partof_thing_2</a>
                <a class="salsah-link" href="IRI:partof_thing_3:IRI">partof_thing_3</a>
                <a class="salsah-link" href="IRI:document_thing_1:IRI">document_thing_1</a>
                <a class="salsah-link" href="IRI:text_thing_1:IRI">text_thing_1</a>
                <a class="salsah-link" href="IRI:zip_thing_1:IRI">zip_thing_1</a>
                <a class="salsah-link" href="IRI:audio_thing_1:IRI">audio_thing_1</a>
                <a class="salsah-link" href="IRI:test_thing_2:IRI">test_thing_2</a>
            </text>
            <text permissions="public" encoding="xml">
                Another text without salsah-links
            </text>
        </text-prop>
        <boolean-prop name=":hasBoolean">
            <boolean>false</boolean>
        </boolean-prop>
        <uri-prop name=":hasUri">
            <uri permissions="private">https://en.wiktionary.org/wiki/Ῥόδος</uri>
            <uri permissions="private">https://www.test-case.ch/</uri>
            <uri permissions="private">https://reg-exr.com:3000</uri>
            <uri permissions="private">https://reg-exr.com:3000/path/to/file_(%C3%89).htm</uri>
            <uri permissions="private">https://reg-exr.com:3000/path/to/file#fragment</uri>
            <uri permissions="private">https://reg-exr.com:3000/path/to/file?query=test</uri>
            <uri permissions="private">https://reg-exr.com:3000/path/to/file?query=test#fragment</uri>
            <uri permissions="private">https://reg-exr.com/path/to/file?query=test#fragment</uri>
            <uri permissions="private">http://www.168.1.1.0/path</uri>
            <uri permissions="private">http://www.168.1.1.0:4200/path</uri>
            <uri permissions="private">http://[2001:0db8:0000:0000:0000:8a2e:0370:7334]:4200/path</uri>
            <uri permissions="private">https://en.wikipedia.org/wiki/Haiku#/media/File:Basho_Horohoroto.jpg</uri>
            <uri permissions="private">http://datypic.com/prod.html#shirt</uri>
            <uri permissions="private">https://www.findagrave.com/memorial/171722836/krikor-madenician?_gl=1*100n0s5*_ga*NzIzMDQxNjc2LjE2Mjg2MDk1OTQ.*_ga_4QT8FMEX30*MTY1Mjc5OTI4OC4xNC4xLjE2NTI4MDA2MDQuMA..</uri>
            <uri permissions="private">https://markarslan.org/ArmenianImmigrants/Public-ViewDetail-ArmenianImmigrants-Main.php?submit=View&amp;Staging=&amp;SourcePage=Public-ViewSummary-ArmenianImmigrants-Main-ByDestinationDate&amp;SelectDestinationYear=1907&amp;SelectLastNameStd=all&amp;argument1=PLIN-29NOV1907-3-73-0018</uri>
            <uri permissions="private">http://markarslan.org/ArmenianImmigrants/Public-ViewDetail-ArmenianImmigrants-Main.php?submit=View&amp;Staging=&amp;SourcePage=Public-ViewSummary-ArmenianImmigrants-Main-ByDestinationDate&amp;SelectDestinationYear=1907&amp;SelectLastNameStd=all&amp;argument1=CRTH-12JAN1907-3-%404-0016</uri>
            <uri permissions="private">https://www.ancestry.com/discoveryui-content/view/47577828:60525?ssrc=pt&amp;tid=109007397&amp;pid=410070328478</uri>
            <uri permissions="private">https://geohack.toolforge.org/geohack.php?pagename=Adige&amp;params=45_8_59_N_12_19_13_E_type:river</uri>
            <uri permissions="private">https://www.digitale-sammlungen.de/de/view/bsb00055375?page=,1</uri>
            <uri permissions="private">https://digiliblt.uniupo.it/xtf/view?docId=dlt000521/dlt000521.xml;query=De%20taxone;brand=default</uri>
            <uri permissions="private">https://books.google.ch/books?id=B0AVAAAAQAAJ&amp;printsec=frontcover&amp;hl=de&amp;source=gbs_ge_summary_r&amp;cad=0#v=onepage&amp;q&amp;f=false</uri>
            <uri permissions="private">https://www.google.com/maps/place/Necropolis+of+Cannicella/@42.7150588$12.1174224$15z/data=!4m12!1m6!3m5!1s0x0:0xab5f4587e69858d9!2sNecropolis+of+Cannicella!8m2!3d42.7149!4d12.1170832!3m4!1s0x0:0xab5f4587e69858d9!8m2!3d42.7149!4d12.1170832</uri>
            <uri permissions="private">https://geohack.toolforge.org/geohack.php?pagename=Castel_Gandolfo&amp;language=de&amp;params=41.746388888889_N_12.650833333333_E_dim:10000_region:IT-RM_type:city(8869)</uri>
        </uri-prop>
        <date-prop name=":hasDate">
            <date>JULIAN:BCE:0700:BCE:0600</date>
        </date-prop>
        <time-prop name=":hasTime">
            <time permissions="public">2019-10-23T13:45:12.01-14:00</time>
            <time permissions="public">2019-10-23T13:45:12-14:00</time>
            <time permissions="public">2019-10-23T13:45:12Z</time>
            <time permissions="public">2019-10-23T13:45:12-13:30</time>
            <time permissions="public">2019-10-23T13:45:12+01:00</time>
            <time permissions="public">2019-10-23T13:45:12.1111111+01:00</time>
            <time permissions="public">2019-10-23T13:45:12.1111111Z</time>
        </time-prop>
        <integer-prop name=":hasInteger">
            <integer>4711</integer>
        </integer-prop>
        <decimal-prop name=":hasDecimal">
            <decimal comment="Eulersche Zahl">2.718281828459</decimal>
        </decimal-prop>
        <geoname-prop name=":hasGeoname">
            <geoname comment="A sacred place for railroad fans">5416656</geoname>
        </geoname-prop>
        <color-prop name=":hasColor">
            <color>#00ff00</color>
        </color-prop>
        <resptr-prop name=":hasTestThing2">
            <resptr>test_thing_0</resptr>
        </resptr-prop>
        <list-prop list="testlist" name=":hasListItem">
            <list>second subnode</list>
        </list-prop>
    </resource>
  
    <resource label="Imagething-tif"
              restype=":ImageThing"
              id="image_thing_0"
              permissions="public">
        <bitstream license="http://rdfh.ch/licenses/cc-by-4.0" copyright-holder="DaSCH" authorship-id="authorship_3">
            testdata/bitstreams/test.tif
        </bitstream>
        <text-prop name=":hasSimpleText">
            <text permissions="public" encoding="utf8">This is a Imagething as TIF</text>
        </text-prop>
    </resource>

    <resource label="iiif-link"
              restype=":ImageThing"
              id="iiif-link"
              permissions="public">
        <iiif-uri license="http://rdfh.ch/licenses/cc-by-nc-4.0"
                  copyright-holder="Wellcome Collection"
                  authorship-id="authorship_1"
        >
            https://iiif.wellcomecollection.org/image/b20432033_B0008608.JP2/full/1338%2C/0/default.jpg
        </iiif-uri>
        <text-prop name=":hasSimpleText">
            <text permissions="public" encoding="utf8">This is a text.</text>
        </text-prop>
    </resource>

    <resource label="iiif-link without legal info"
              restype=":ImageThing"
              id="iiif-link-no-legal-info"
              permissions="public">
        <iiif-uri>https://iiif.wellcomecollection.org/image/b20432033_B0008608.JP2/full/1338%2C/0/default.jpg</iiif-uri>
        <text-prop name=":hasSimpleText">
            <text permissions="public" encoding="utf8">
                License: Attribution-NonCommercial 4.0 International (CC BY-NC 4.0). Credit: Zebrafish embryo. Source: Wellcome Collection.
            </text>
        </text-prop>
    </resource>

    <resource label="Imagething-tiff"
              restype=":ImageThing"
              id="image_thing_1"
              permissions="public">
        <bitstream license="http://rdfh.ch/licenses/cc-by-4.0" copyright-holder="DaSCH" authorship-id="authorship_3">
            
            testdata/bitstreams/test.tiff
        </bitstream>
        <text-prop name=":hasSimpleText">
            <text permissions="public" encoding="utf8">This is a Imagething as TIFF</text>
        </text-prop>
    </resource>

    <resource label="Imagething-tiff wihtout legal info"
              restype=":ImageThing"
              id="image_thing_1_no_legal"
              permissions="public">
        <bitstream>
            testdata/bitstreams/test.tiff
        </bitstream>
        <text-prop name=":hasSimpleText">
            <text permissions="public" encoding="utf8">This is a Imagething as TIFF</text>
        </text-prop>
    </resource>

    <resource label="Imagething-jp2"
              restype=":ImageThing"
              id="image_thing_2"
              permissions="public">
        <bitstream license="http://rdfh.ch/licenses/cc-by-4.0" copyright-holder="DaSCH" authorship-id="authorship_2">
            testdata/bitstreams/test.jp2
        </bitstream>
        <text-prop name=":hasSimpleText">
            <text permissions="public" encoding="utf8">This is a Imagething as JP2</text>
        </text-prop>
    </resource>

    <resource label="Imagething-jpeg"
              restype=":ImageThing"
              id="image_thing_3"
              permissions="public">
        <bitstream license="http://rdfh.ch/licenses/cc-by-4.0" copyright-holder="DaSCH" authorship-id="authorship_2">
            testdata/bitstreams/test.jpeg
        </bitstream>
        <text-prop name=":hasSimpleText">
            <text permissions="public" encoding="utf8">This is a Imagething as JPEG</text>
        </text-prop>
    </resource>

    <resource label="Imagething-jpg"
              restype=":ImageThing"
              id="image_thing_4"
              permissions="public">
        <bitstream license="http://rdfh.ch/licenses/cc-by-4.0" copyright-holder="DaSCH" authorship-id="authorship_2">
            testdata/bitstreams/test.jpg
        </bitstream>
        <text-prop name=":hasSimpleText">
            <text permissions="public" encoding="utf8">This is a Imagething as JPG</text>
        </text-prop>
    </resource>

    <resource label="Imagething-png"
              restype=":ImageThing"
              id="image_thing_5"
              permissions="public">
        <bitstream license="http://rdfh.ch/licenses/cc-by-4.0" copyright-holder="DaSCH" authorship-id="authorship_2">
            testdata/bitstreams/test.png
        </bitstream>
        <text-prop name=":hasSimpleText">
            <text permissions="public" encoding="utf8">This is a Imagething as PNG</text>
        </text-prop>
    </resource>

    <resource label="Imagething-multiple-dots"
              restype=":ImageThing"
              id="image_thing_6"
              permissions="public">
        <bitstream license="http://rdfh.ch/licenses/cc-by-4.0" copyright-holder="DaSCH" authorship-id="authorship_2">
            testdata/bitstreams/test.with.multiple.dots.png
        </bitstream>
        <text-prop name=":hasSimpleText">
            <text permissions="public" encoding="utf8">This is a Imagething, the name has multiple dots</text>
        </text-prop>
    </resource>

    <resource label="Imagething-white-space"
              restype=":ImageThing"
              id="image_thing_7"
              permissions="public">
        <bitstream license="http://rdfh.ch/licenses/cc-by-4.0" copyright-holder="DaSCH" authorship-id="authorship_2">
            testdata/bitstreams/test with whitespaces.png
        </bitstream>
        <text-prop name=":hasSimpleText">
            <text permissions="public" encoding="utf8">This is a Imagething, the name has whitespaces</text>
        </text-prop>
    </resource>

    <resource label="Imagething-uppercase-extension"
              restype=":ImageThing"
              id="image_thing_8"
              permissions="public">
        <bitstream license="http://rdfh.ch/licenses/cc-by-4.0" copyright-holder="DaSCH" authorship-id="authorship_2">
            testdata/bitstreams/test with uppercase extension.JPG
        </bitstream>
        <text-prop name=":hasSimpleText">
            <text permissions="public" encoding="utf8">This is a Imagething, with an uppercase extension</text>
        </text-prop>
    </resource>

    <resource label="Imagething-multiple-commas"
              restype=":ImageThing"
              id="image_thing_9"
              permissions="public">
        <bitstream license="http://rdfh.ch/licenses/cc-by-4.0" copyright-holder="DaSCH" authorship-id="authorship_2">
            testdata/bitstreams/test,with,multiple,commas.png
        </bitstream>
        <text-prop name=":hasSimpleText">
            <text permissions="public" encoding="utf8">This is a Imagething, the name has multiple commas</text>
        </text-prop>
    </resource>

    <resource label="Imagething-special-characters"
              restype=":ImageThing"
              id="image_thing_special_characters_àáâäèéêëìíîïòóôöùúûü"
              permissions="public">
        <bitstream license="http://rdfh.ch/licenses/cc-by-4.0" copyright-holder="DaSCH" authorship-id="authorship_2">
            testdata/bitstreams/test with special chars àáâä èéêë ìíîï òóôö ùúûü çñß 0123456789 _-'()[]{}+=!&lt;&gt;| 漢が글ርبيةб中.png
        </bitstream>
        <text-prop name=":hasSimpleText">
            <text permissions="public" encoding="utf8">This is a Imagething, the name contains special chars</text>
        </text-prop>
    </resource>

    <resource label="Test Link to special characters"
              restype=":TestThing"
              id="test_link_to_special_chars">
        <text-prop name=":hasSimpleText"><text encoding="utf8">Hello</text></text-prop>
        <boolean-prop name=":hasBoolean"><boolean>true</boolean></boolean-prop>
        <resptr-prop name=":hasResource"><resptr>image_thing_special_characters_àáâäèéêëìíîïòóôöùúûü</resptr></resptr-prop>
    </resource>

    <region label="Polygon in image"
            id="region_1"
            permissions="limited_view"
            creation_date="1999-12-31T23:59:59.9999999+01:00">
        <color-prop name="hasColor">
            <color permissions="private">#5d1f1e</color>
        </color-prop>
        <resptr-prop name="isRegionOf">
            <resptr permissions="public">image_thing_0</resptr>
        </resptr-prop>
        <geometry-prop name="hasGeometry">
            <geometry permissions="public">
                {
                    "status": "active",
                    "type": "polygon",
                    "lineWidth": 5,
                    "points": [{"x": 0.4, "y": 0.6},
                               {"x": 0.5, "y": 0.9},
                               {"x": 0.8, "y": 0.9},
                               {"x": 0.7, "y": 0.6}]
                }
            </geometry>
        </geometry-prop>
        <text-prop name="hasComment">
            <text encoding="xml" permissions="public">
                This is a polygon-formed region of interest of an image. It is also displayed as Annotation.
            </text>
        </text-prop>
    </region>

    <resource label="Compoundthing"
              restype=":CompoundThing"
              id="compound_thing_0"
              permissions="public">
        <text-prop name=":hasSimpleText">
            <text permissions="public" encoding="utf8">This is a Compoundthing</text>
        </text-prop>
    </resource>

    <resource label="Compoundthing"
              restype=":CompoundThing"
              id="compound_thing_1"
              permissions="public">
        <text-prop name=":hasSimpleText">
            <text permissions="public" encoding="utf8">This is a Compoundthing</text>
        </text-prop>
    </resource>

    <resource label="Partofthing-1"
              restype=":PartOfThing"
              id="partof_thing_1"
              permissions="public">
        <bitstream license="http://rdfh.ch/licenses/cc-by-4.0" copyright-holder="DaSCH" authorship-id="authorship_2">
            testdata/bitstreams/test.jpg
        </bitstream>
        <resptr-prop name="knora-api:isPartOf">
            <resptr permissions="public">compound_thing_0</resptr>
        </resptr-prop>
        <integer-prop name="knora-api:seqnum">
            <integer permissions="public">1</integer>
        </integer-prop>
    </resource>

    <resource label="Partofthing-2"
              restype=":PartOfThing"
              id="partof_thing_2"
              permissions="public">
        <bitstream license="http://rdfh.ch/licenses/cc-by-4.0" copyright-holder="DaSCH" authorship-id="authorship_2">
            testdata/bitstreams/test.jpg
        </bitstream>
        <resptr-prop name="isPartOf">
            <resptr permissions="public">compound_thing_0</resptr>
            <resptr permissions="public">compound_thing_1</resptr>
        </resptr-prop>
        <integer-prop name="seqnum">
            <integer permissions="public">2</integer>
        </integer-prop>
    </resource>

    <resource label="Partofthing-3"
              restype=":PartOfThingWithSubproperties"
              id="partof_thing_3"
              permissions="public">
        <bitstream license="http://rdfh.ch/licenses/cc-by-4.0" copyright-holder="DaSCH" authorship-id="authorship_2">
            testdata/bitstreams/test.jpg
        </bitstream>
        <resptr-prop name=":partOf">
            <resptr permissions="public">compound_thing_0</resptr>
            <resptr permissions="public">compound_thing_1</resptr>
        </resptr-prop>
        <integer-prop name=":hasPagenum">
            <integer permissions="public">1</integer>
        </integer-prop>
    </resource>

    <resource label="Partofthing-4"
              restype=":PartOfThingWithSubproperties"
              id="partof_thing_4"
              permissions="public">
        <bitstream license="http://rdfh.ch/licenses/cc-by-4.0" copyright-holder="DaSCH" authorship-id="authorship_2">
            testdata/bitstreams/test.jpg
        </bitstream>
        <resptr-prop name=":partOf">
            <resptr permissions="public">compound_thing_1</resptr>
        </resptr-prop>
        <integer-prop name=":hasPagenum">
            <integer permissions="public">1</integer>
        </integer-prop>
    </resource>

    <resource label="Documentthing-pdf"
              restype=":DocumentThing"
              id="document_thing_1"
              permissions="public">
        <bitstream license="http://rdfh.ch/licenses/cc-by-4.0" copyright-holder="DaSCH" authorship-id="authorship_4">
            testdata/bitstreams/test.pdf
        </bitstream>
        <text-prop name=":hasSimpleText">
            <text permissions="public" encoding="utf8">This is a Documentthing as PDF</text>
        </text-prop>
    </resource>

    <resource label="Documentthing-xls"
              restype=":DocumentThing"
              id="document_thing_2"
              permissions="public">
        <bitstream license="http://rdfh.ch/licenses/cc-by-4.0" copyright-holder="DaSCH" authorship-id="authorship_2">
            testdata/bitstreams/test.xls
        </bitstream>
        <text-prop name=":hasSimpleText">
            <text permissions="public" encoding="utf8">This is a Documentthing as XLS</text>
        </text-prop>
    </resource>

    <resource label="Documentthing-xlsx"
              restype=":DocumentThing"
              id="document_thing_3"
              permissions="public">
        <bitstream license="http://rdfh.ch/licenses/cc-by-4.0" copyright-holder="DaSCH" authorship-id="authorship_2">
            testdata/bitstreams/test.xlsx
        </bitstream>
        <text-prop name=":hasSimpleText">
            <text permissions="public" encoding="utf8">This is a Documentthing as XLSX</text>
        </text-prop>
    </resource>

    <resource label="Documentthing-doc"
              restype=":DocumentThing"
              id="document_thing_4"
              permissions="public">
        <bitstream license="http://rdfh.ch/licenses/cc-by-4.0" copyright-holder="DaSCH" authorship-id="authorship_4">
            testdata/bitstreams/test.doc
        </bitstream>
        <text-prop name=":hasSimpleText">
            <text permissions="public" encoding="utf8">This is a Documentthing as DOC</text>
        </text-prop>
    </resource>

    <resource label="Documentthing-docx"
              restype=":DocumentThing"
              id="document_thing_5"
              permissions="public">
        <bitstream license="http://rdfh.ch/licenses/cc-by-4.0" copyright-holder="DaSCH" authorship-id="authorship_4">
            testdata/bitstreams/test.docx
        </bitstream>
        <text-prop name=":hasSimpleText">
            <text permissions="public" encoding="utf8">This is a Documentthing as DOCX</text>
        </text-prop>
    </resource>

    <resource label="Documentthing-ppt"
              restype=":DocumentThing"
              id="document_thing_6"
              permissions="public">
        <bitstream license="http://rdfh.ch/licenses/cc-by-4.0" copyright-holder="DaSCH" authorship-id="authorship_2">
            testdata/bitstreams/test.ppt
        </bitstream>
        <text-prop name=":hasSimpleText">
            <text permissions="public" encoding="utf8">This is a Documentthing as PPT</text>
        </text-prop>
    </resource>

    <resource label="Documentthing-pptx"
              restype=":DocumentThing"
              id="document_thing_7"
              permissions="public">
        <bitstream license="http://rdfh.ch/licenses/cc-by-4.0" copyright-holder="DaSCH" authorship-id="authorship_2">
            testdata/bitstreams/test.pptx
        </bitstream>
        <text-prop name=":hasSimpleText">
            <text permissions="public" encoding="utf8">This is a Documentthing as PPTX</text>
        </text-prop>
    </resource>

    <resource label="Documentthing-epub"
              restype=":DocumentThing"
              id="document_thing_8"
              permissions="public">
        <bitstream license="http://rdfh.ch/licenses/cc-by-4.0" copyright-holder="DaSCH" authorship-id="authorship_2">
            testdata/bitstreams/test.epub
        </bitstream>
        <text-prop name=":hasSimpleText">
            <text permissions="public" encoding="utf8">This is a Documentthing as EPUB</text>
        </text-prop>
    </resource>

    <resource label="Textthing-csv"
              restype=":TextThing"
              id="text_thing_1"
              permissions="public">
        <bitstream license="http://rdfh.ch/licenses/cc-by-4.0" copyright-holder="DaSCH" authorship-id="authorship_4">
            testdata/bitstreams/test.csv
        </bitstream>
        <text-prop name=":hasSimpleText">
            <text permissions="public" encoding="utf8">This is a Textthing as CSV</text>
        </text-prop>
    </resource>

    <resource label="Textthing-txt"
              restype=":TextThing"
              id="text_thing_2"
              permissions="public">
        <bitstream license="http://rdfh.ch/licenses/cc-by-4.0" copyright-holder="DaSCH" authorship-id="authorship_2">
            testdata/bitstreams/test.txt
        </bitstream>
        <text-prop name=":hasSimpleText">
            <text permissions="public" encoding="utf8">This is a Textthing as TXT</text>
        </text-prop>
    </resource>

    <resource label="Textthing-xml"
              restype=":TextThing"
              id="text_thing_3"
              permissions="public">
        <bitstream license="http://rdfh.ch/licenses/cc-by-4.0" copyright-holder="DaSCH" authorship-id="authorship_2">
            testdata/bitstreams/test.xml
        </bitstream>
        <text-prop name=":hasSimpleText">
            <text permissions="public" encoding="utf8">This is a Textthing as XML</text>
        </text-prop>
    </resource>

    <resource label="Textthing-xsl"
              restype=":TextThing"
              id="text_thing_4"
              permissions="public">
        <bitstream license="http://rdfh.ch/licenses/cc-by-4.0" copyright-holder="DaSCH" authorship-id="authorship_2">
            testdata/bitstreams/test.xsl
        </bitstream>
        <text-prop name=":hasSimpleText">
            <text permissions="public" encoding="utf8">This is a Textthing as XSL</text>
        </text-prop>
    </resource>

    <resource label="Textthing-xsd"
              restype=":TextThing"
              id="text_thing_5"
              permissions="public">
        <bitstream license="http://rdfh.ch/licenses/cc-by-4.0" copyright-holder="DaSCH" authorship-id="authorship_2">
            testdata/bitstreams/test.xsd
        </bitstream>
        <text-prop name=":hasSimpleText">
            <text permissions="public" encoding="utf8">This is a Textthing as XSD</text>
        </text-prop>
    </resource>

    <resource label="Textthing-odd"
              restype=":TextThing"
              id="text_thing_6"
              permissions="public">
        <bitstream license="http://rdfh.ch/licenses/cc-by-4.0" copyright-holder="DaSCH" authorship-id="authorship_2">
            testdata/bitstreams/test.odd
        </bitstream>
        <text-prop name=":hasSimpleText">
            <text permissions="public" encoding="utf8">This is a Textthing as ODD</text>
        </text-prop>
    </resource>

    <resource label="Textthing-rng"
              restype=":TextThing"
              id="text_thing_7"
              permissions="public">
        <bitstream license="http://rdfh.ch/licenses/cc-by-4.0" copyright-holder="DaSCH" authorship-id="authorship_2">
            testdata/bitstreams/test.rng
        </bitstream>
        <text-prop name=":hasSimpleText">
            <text permissions="public" encoding="utf8">This is a Textthing as RNG</text>
        </text-prop>
    </resource>

    <resource label="Textthing-json"
              restype=":TextThing"
              id="text_thing_8"
              permissions="public">
        <bitstream license="http://rdfh.ch/licenses/cc-by-4.0" copyright-holder="DaSCH" authorship-id="authorship_2">
            testdata/bitstreams/test.json
        </bitstream>
        <text-prop name=":hasSimpleText">
            <text permissions="public" encoding="utf8">This is a Textthing as JSON</text>
        </text-prop>
    </resource>

    <resource label="Textthing-htm"
              restype=":TextThing"
              id="text_thing_9"
              permissions="public">
        <bitstream 
            license="http://rdfh.ch/licenses/ai-generated"
            copyright-holder="AI-Generated Content - Not Protected by Copyright"
            authorship-id="authorship_6"
        >
            testdata/bitstreams/test.htm
        </bitstream>
        <text-prop name=":hasSimpleText">
            <text permissions="public" encoding="utf8">This is a Textthing as HTM</text>
        </text-prop>
    </resource>

    <resource label="Textthing-html"
              restype=":TextThing"
              id="text_thing_10"
              permissions="public">
        <bitstream license="http://rdfh.ch/licenses/ai-generated" copyright-holder="AI-Generated Content - Not Protected by Copyright" authorship-id="authorship_6">
            testdata/bitstreams/test.html
        </bitstream>
        <text-prop name=":hasSimpleText">
            <text permissions="public" encoding="utf8">This is a Textthing as HTML</text>
        </text-prop>
    </resource>

    <resource label="Zipthing-zip"
              restype=":ZipThing"
              id="zip_thing_1"
              permissions="public">
        <bitstream license="http://rdfh.ch/licenses/cc-by-4.0" copyright-holder="DaSCH" authorship-id="authorship_2">
            testdata/bitstreams/test.zip
        </bitstream>
        <text-prop name=":hasSimpleText">
            <text permissions="public" encoding="utf8">This is a Zipthing as ZIP</text>
        </text-prop>
    </resource>

    <resource label="Zipthing-7z"
              restype=":ZipThing"
              id="zip_thing_2"
              permissions="public">
        <bitstream license="http://rdfh.ch/licenses/cc-by-4.0" copyright-holder="DaSCH" authorship-id="authorship_2">
            
            testdata/bitstreams/test.7z
        </bitstream>
        <text-prop name=":hasSimpleText">
            <text permissions="public" encoding="utf8">This is a Zipthing as 7Z</text>
        </text-prop>
    </resource>

    <resource label="Zipthing-gzip"
              restype=":ZipThing"
              id="zip_thing_3"
              permissions="public">
        <bitstream license="http://rdfh.ch/licenses/cc-by-4.0" copyright-holder="DaSCH" authorship-id="authorship_5">
            testdata/bitstreams/test.gzip
        </bitstream>
        <text-prop name=":hasSimpleText">
            <text permissions="public" encoding="utf8">This is a Zipthing as gzip</text>
        </text-prop>
    </resource>

    <resource label="Zipthing-tar-gz"
              restype=":ZipThing"
              id="zip_thing_4"
              permissions="public">
        <bitstream license="http://rdfh.ch/licenses/cc-by-4.0" copyright-holder="DaSCH" authorship-id="authorship_2">
            testdata/bitstreams/test.tar.gz
        </bitstream>
        <text-prop name=":hasSimpleText">
            <text permissions="public" encoding="utf8">This is a Zipthing as tar.gz</text>
        </text-prop>
    </resource>

    <resource label="Zipthing-tar"
              restype=":ZipThing"
              id="zip_thing_5"
              permissions="public">
        <bitstream license="http://rdfh.ch/licenses/cc-by-4.0" copyright-holder="DaSCH" authorship-id="authorship_2">
            testdata/bitstreams/test.tar
        </bitstream>
        <text-prop name=":hasSimpleText">
            <text permissions="public" encoding="utf8">This is a Zipthing as tar</text>
        </text-prop>
    </resource>

    <resource label="Zipthing-tgz"
              restype=":ZipThing"
              id="zip_thing_6"
              permissions="public">
        <bitstream license="http://rdfh.ch/licenses/cc-by-4.0" copyright-holder="DaSCH" authorship-id="authorship_2">
            testdata/bitstreams/test.tgz
        </bitstream>
        <text-prop name=":hasSimpleText">
            <text permissions="public" encoding="utf8">This is a Zipthing as tgz</text>
        </text-prop>
    </resource>

    <resource label="Zipthing-z"
              restype=":ZipThing"
              id="zip_thing_7"
              permissions="public">
        <bitstream license="http://rdfh.ch/licenses/cc-by-4.0" copyright-holder="DaSCH" authorship-id="authorship_2">
            testdata/bitstreams/test.z
        </bitstream>
        <text-prop name=":hasSimpleText">
            <text permissions="public" encoding="utf8">This is a Zipthing as z</text>
        </text-prop>
    </resource>

    <resource label="Zipthing-gz"
              restype=":ZipThing"
              id="zip_thing_8"
              permissions="public">
        <bitstream license="http://rdfh.ch/licenses/cc-by-4.0" copyright-holder="DaSCH" authorship-id="authorship_2">
            testdata/bitstreams/test.gz
        </bitstream>
        <text-prop name=":hasSimpleText">
            <text permissions="public" encoding="utf8">This is a Zipthing as gz</text>
        </text-prop>
    </resource>

    <resource label="Audiothing-wav"
              restype=":AudioThing"
              id="audio_thing_1"
              permissions="public">
        <bitstream license="http://rdfh.ch/licenses/cc-by-4.0" copyright-holder="DaSCH" authorship-id="authorship_2">
            testdata/bitstreams/test.wav
        </bitstream>
        <text-prop name=":hasSimpleText">
            <text permissions="public" encoding="utf8">This is a Audiothing as WAV</text>
        </text-prop>
    </resource>

    <resource label="Audiothing-mp3"
              restype=":AudioThing"
              id="audio_thing_2"
              permissions="public">
        <bitstream license="http://rdfh.ch/licenses/cc-by-4.0" copyright-holder="DaSCH" authorship-id="authorship_2">
            testdata/bitstreams/test.mp3
        </bitstream>
        <text-prop name=":hasSimpleText">
            <text permissions="public" encoding="utf8">This is a Audiothing as MP3</text>
        </text-prop>
    </resource>

    <resource label="Moviething"
              restype=":MovieThing"
              id="video_thing_1"
              permissions="limited_view">
        <bitstream license="http://rdfh.ch/licenses/cc-by-4.0" copyright-holder="DaSCH" authorship-id="authorship_4">
            testdata/bitstreams/test.mp4
        </bitstream>
        <text-prop name=":hasSimpleText">
            <text encoding="utf8" permissions="public">Dummy video with music</text>
        </text-prop>
    </resource>

    <link label="Link between 'Second Testthing', 'Compoundthing' and 'Partofthing-1'"
          id="link_obj_1"
          permissions="public"
          creation_date="1970-10-23T03:45:12-13:30">
        <text-prop name="hasComment">
            <text permissions="public" encoding="xml">
                A link object can link together an arbitrary number of resources from any resource class.
            </text>
            <text permissions="public" encoding="xml">
                Second comment
            </text>
        </text-prop>
        <resptr-prop name="hasLinkTo">
            <resptr permissions="public">test_thing_2</resptr>
            <resptr permissions="public">compound_thing_0</resptr>
            <resptr permissions="public">partof_thing_1</resptr>
        </resptr-prop>
    </link>

    <link label="Link between 'Second Testthing', and 'Partofthing-1' without comment" id="link_obj_2">
        <resptr-prop name="hasLinkTo">
            <resptr permissions="public">test_thing_2</resptr>
            <resptr permissions="public">partof_thing_1</resptr>
        </resptr-prop>
    </link>

    <resource label="TestThing2Child1" 
              restype=":TestThing2Child1" 
              id="TestThing2Child1">
        <text-prop name=":hasTextChild1">
            <text encoding="utf8">Some text</text>
        </text-prop>
    </resource>

    <resource label="TestThing2Child2" 
              restype=":TestThing2Child2" 
              id="TestThing2Child2">
        <text-prop name=":hasTextChild2">
            <text encoding="utf8">Some text</text>
        </text-prop>
    </resource>

    <region label="Rectangle in image"
            id="region_2"
            permissions="limited_view">
        <text-prop name="hasComment">
            <text encoding="xml" permissions="public">
                This is a rectangle-formed region of interest of an image. It is also displayed as Annotation.
            </text>
            <text encoding="xml" permissions="private">
                This is a second comment.
            </text>
        </text-prop>
        <geometry-prop name="hasGeometry">
            <geometry permissions="public">
                {
                    "status": "active",
                    "type": "rectangle",
                    "lineWidth": 5,
                    "points": [
                        {"x":0.1,"y":0.7},
                        {"x":0.3,"y":0.2}
                    ]
                }
            </geometry>
        </geometry-prop>
        <resptr-prop name="isRegionOf">
            <resptr permissions="public">image_thing_0</resptr>
        </resptr-prop>
        <color-prop name="hasColor">
            <color permissions="private">#5d1f1e</color>
        </color-prop>
    </region>

    <region label="Circle in image"
            id="region_3"
            permissions="limited_view">
        <geometry-prop name="hasGeometry">
            <geometry permissions="public">
                {
                    "status": "active",
                    "type": "circle",
                    "lineWidth": 5,
                    "points": [{"x":0.5,"y":0.3}],
                    "radius": {"x":0.1,"y":0.1}
                }
            </geometry>
        </geometry-prop>
        <resptr-prop name="isRegionOf">
            <resptr permissions="public">image_thing_0</resptr>
        </resptr-prop>
        <color-prop name="hasColor">
            <color permissions="private">#5d1f1e</color>
        </color-prop>
    </region>

    <!-- video segment -->
    <video-segment label="Video Segment with all possible values" id="video_segment_0" permissions="public" creation_date="2024-08-06T07:00:01Z">
        <isSegmentOf permissions="public" comment="This refers to video_thing_1">video_thing_1</isSegmentOf>
        <hasSegmentBounds permissions="public" segment_start="0.1" segment_end="0.234" comment="These are the bounds"/>
        <hasTitle permissions="public" comment="This is the title">Title of video segment</hasTitle>
        <hasComment permissions="public" comment="This is the first comment"><strong>Bold comment</strong> of video segment</hasComment>
        <hasComment permissions="public">Comment with <a class="salsah-link" href="IRI:test_thing_2:IRI">link to test_thing_2</a></hasComment>
        <hasDescription permissions="public" comment="This is the first description"><strong>Bold description</strong> of video segment</hasDescription>
        <hasDescription permissions="public">Description with <a class="salsah-link" href="IRI:test_thing_2:IRI">link to test_thing_2</a></hasDescription>
        <hasKeyword permissions="public" comment="This is the first keyword">Keyword 1 of video segment</hasKeyword>
        <hasKeyword permissions="public">Keyword 2 of video segment</hasKeyword>
        <relatesTo permissions="public" comment="This refers to audio_segment_0">audio_segment_0</relatesTo>
        <relatesTo permissions="public">audio_segment_2</relatesTo>
    </video-segment>

    <video-segment label="Video Segment with only a few values" id="video_segment_2">
        <isSegmentOf permissions="public">video_thing_1</isSegmentOf>
        <hasSegmentBounds permissions="public" segment_start="2" segment_end="3.5"/>
        <hasTitle permissions="public">Title of video segment</hasTitle>
        <hasDescription permissions="public">Description of video segment</hasDescription>
    </video-segment>

    <video-segment label="Video Segment with only the mandatory values" id="video_segment_3">
        <isSegmentOf permissions="public">video_thing_1</isSegmentOf>
        <hasSegmentBounds permissions="public" segment_start="2" segment_end="3.5"/>
    </video-segment>

    <!-- audio segment -->
    <audio-segment label="Audio Segment with all possible values" id="audio_segment_0" permissions="public" creation_date="2024-08-06T07:00:01Z">
        <isSegmentOf permissions="public" comment="This refers to audio_thing_1">audio_thing_1</isSegmentOf>
        <hasSegmentBounds permissions="public" segment_start="3.5" segment_end="5.6" comment="These are the segment bounds"/>
        <hasTitle permissions="public">Title of audio segment</hasTitle>
        <hasComment permissions="public" comment="This is a comment">Comment 1 of audio segment</hasComment>
        <hasComment permissions="public">Comment 2 of audio segment</hasComment>
        <hasDescription permissions="public" comment="This is a description">Description 1 of audio segment</hasDescription>
        <hasDescription permissions="public">Description 2 of audio segment</hasDescription>
        <hasKeyword permissions="public" comment="This is a keyword">Keyword 1 of audio segment</hasKeyword>
        <hasKeyword permissions="public">Keyword 2 of audio segment</hasKeyword>
        <relatesTo permissions="public" comment="This refers to video_segment_0">video_segment_0</relatesTo>
        <relatesTo permissions="public">video_segment_2</relatesTo>
    </audio-segment>

    <audio-segment label="Audio Segment with only a few values" id="audio_segment_2">
        <isSegmentOf permissions="public">audio_thing_1</isSegmentOf>
        <hasSegmentBounds permissions="public" segment_start="10" segment_end="30"/>
        <hasTitle permissions="public">Title of audio segment</hasTitle>
        <hasDescription permissions="public">Description of audio segment</hasDescription>
        <relatesTo permissions="public">video_segment_0</relatesTo>
    </audio-segment>

    <audio-segment label="Audio Segment with only the mandatory values" id="audio_segment_3">
        <isSegmentOf permissions="public">audio_thing_1</isSegmentOf>
        <hasSegmentBounds permissions="public" segment_start="0.5" segment_end="7"/>
    </audio-segment>

    <!-- reference a resource class from another ontology defined in the same JSON project file than default-ontology-->
    <resource label="TestThingPermissions 1" restype="testontoPermissions:TestThingPermissions" id="testthingpermissions_1">
        <text-prop name="testontoPermissions:hasText">
            <text encoding="utf8">Hello!</text>
        </text-prop>
    </resource>

    <resource label="TestthingWithArk2"
              restype=":TestThing2"
              id="test_thing_with_ark_2"
              ark="ark:/72163/4123-43xc6ivb931-a.2022829">
        <text-prop name=":hasSimpleText"><text encoding="utf8">Hello</text></text-prop>
    </resource>

    <resource label="TestthingWithIri1"
              restype=":TestThing2"
              id="test_thing_with_iri_1"
              iri="http://rdfh.ch/4123/DiAmYQzQSzC7cdTo6OJMYA">
        <text-prop name=":hasSimpleText"><text encoding="utf8">Hello</text></text-prop>
    </resource>

    <resource label="TestthingWithIri2"
              restype=":TestThing2"
              id="test_thing_with_iri_2"
              iri="http://rdfh.ch/4123/TqAnYQzrSzC2ctT06OJMYB">
        <text-prop name=":hasSimpleText"><text encoding="utf8">Hello</text></text-prop>
    </resource>

</knora>
