<?xml version="1.0" encoding="UTF-8"?>
<knora 
    xmlns="https://dasch.swiss/schema" 
    xmlns:xsi="http://www.w3.org/2001/XMLSchema-instance" 
    xsi:schemaLocation="https://dasch.swiss/schema https://raw.githubusercontent.com/dasch-swiss/dsp-tools/main/src/dsp_tools/schemas/data.xsd" 
    shortcode="00E0" 
    default-ontology="fast-xmlupload-onto"
>
    <permissions id="res-default">
        <allow group="UnknownUser">V</allow>
        <allow group="KnownUser">V</allow>
        <allow group="ProjectMember">D</allow>
        <allow group="ProjectAdmin">CR</allow>
        <allow group="Creator">CR</allow>
    </permissions>
    <permissions id="prop-default">
        <allow group="UnknownUser">V</allow>
        <allow group="KnownUser">V</allow>
        <allow group="ProjectMember">D</allow>
        <allow group="ProjectAdmin">CR</allow>
        <allow group="Creator">CR</allow>
    </permissions>

    <resource label="testdata/bitstreams/test with uppercase extension.JPG" restype=":TextThing" id="bitstreams_test_with_uppercase_extension.JPG_79d49438-4828-4c4f-85fc-6507bb10ee5d" permissions="res-default">
        <bitstream permissions="prop-default">testdata/bitstreams/test with uppercase extension.JPG</bitstream>
    </resource>
    <resource label="testdata/bitstreams/test with whitespaces.png" restype=":TextThing" id="bitstreams_test_with_whitespaces.png_79d49438-4828-4c4f-85fc-6507bb10ee5d" permissions="res-default">
        <bitstream permissions="prop-default">testdata/bitstreams/test with whitespaces.png</bitstream>
    </resource>

    <resource label="testdata/bitstreams/nested/test.jpg" restype=":AudioThing" id="bitstreams_nested_test.jpg_cff0c275-53a5-489c-ad0c-620fa43ef652" permissions="res-default">
        <bitstream permissions="prop-default">testdata/bitstreams/nested/test.jpg</bitstream>
    </resource>
    <resource label="testdata/bitstreams/nested/subfolder/test.jpg" restype=":AudioThing" id="bitstreams_nested_subfolder_test.jpg_cff0c275-53a5-489c-ad0c-620fa43ef652" permissions="res-default">
        <bitstream permissions="prop-default">testdata/bitstreams/nested/subfolder/test.jpg</bitstream>
    </resource>

    <resource label="testdata/bitstreams/README.txt" restype=":TextThing" id="bitstreams_readme.txt_79d49438-4828-4c4f-85fc-6507bb10ee5d" permissions="res-default">
        <bitstream permissions="prop-default">testdata/bitstreams/README.txt</bitstream>
    </resource>
    <resource label="testdata/bitstreams/test.jpg" restype=":ImageThing" id="bitstreams_test.jpg_79d49438-4828-4c4f-85fc-6507bb10ee5d" permissions="res-default">
        <bitstream permissions="prop-default">testdata/bitstreams/test.jpg</bitstream>
    </resource>
    <resource label="testdata/bitstreams/test.jpeg" restype=":ImageThing" id="bitstreams_test.jpeg_98e5ff05-5d2b-4752-9598-ba50d59cc670" permissions="res-default">
        <bitstream permissions="prop-default">testdata/bitstreams/test.jpeg</bitstream>
    </resource>
    <resource label="testdata/bitstreams/test.tif" restype=":ImageThing" id="bitstreams_test.tif_b21a4ae5-2df9-4286-a109-e165ddf00873" permissions="res-default">
        <bitstream permissions="prop-default">testdata/bitstreams/test.tif</bitstream>
    </resource>
    <resource label="testdata/bitstreams/test.tiff" restype=":ImageThing" id="bitstreams_test.tiff_23cd9e03-b712-46fc-ab03-75022ffb5df5" permissions="res-default">
        <bitstream permissions="prop-default">testdata/bitstreams/test.tiff</bitstream>
    </resource>
    <resource label="testdata/bitstreams/test.jp2" restype=":ImageThing" id="bitstreams_test.jp2_1225b7e9-1bfc-4ee3-ac8c-ff02dd7c6979" permissions="res-default">
        <bitstream permissions="prop-default">testdata/bitstreams/test.jp2</bitstream>
    </resource>
    <resource label="testdata/bitstreams/test.png" restype=":ImageThing" id="bitstreams_test.png_bd6e3484-9ef2-4f4b-a45c-7a7f2783e2da" permissions="res-default">
        <bitstream permissions="prop-default">testdata/bitstreams/test.png</bitstream>
    </resource>
    <resource label="testdata/bitstreams/test.mp4" restype=":MovieThing" id="bitstreams_test.mp4_f0bbb1ed-4971-425e-afbf-1470aba8fc0b" permissions="res-default">
        <bitstream permissions="prop-default">testdata/bitstreams/test.mp4</bitstream>
    </resource>
    <resource label="testdata/bitstreams/test.7z" restype=":ZipThing" id="bitstreams_test.7z_a4a78a94-b1c3-4464-bf21-7215810b1807" permissions="res-default">
        <bitstream permissions="prop-default">testdata/bitstreams/test.7z</bitstream>
    </resource>
    <resource label="testdata/bitstreams/test.gz" restype=":ZipThing" id="bitstreams_test.gz_9ac937d1-ec5b-4301-b5d2-6f3c560c38a1" permissions="res-default">
        <bitstream permissions="prop-default">testdata/bitstreams/test.gz</bitstream>
    </resource>
    <resource label="testdata/bitstreams/test.gzip" restype=":ZipThing" id="bitstreams_test.gzip_9d33fd23-c91a-462f-8079-603a2ff32df9" permissions="res-default">
        <bitstream permissions="prop-default">testdata/bitstreams/test.gzip</bitstream>
    </resource>
    <resource label="testdata/bitstreams/test.tar" restype=":ZipThing" id="bitstreams_test.tar_b8dc134c-623a-4d55-abe2-6174f71bf0df" permissions="res-default">
        <bitstream permissions="prop-default">testdata/bitstreams/test.tar</bitstream>
    </resource>
    <resource label="testdata/bitstreams/test.tar.gz" restype=":ZipThing" id="bitstreams_test.tar.gz_f544b430-4b8d-4d15-b835-285c11f4d014" permissions="res-default">
        <bitstream permissions="prop-default">testdata/bitstreams/test.tar.gz</bitstream>
    </resource>
    <resource label="testdata/bitstreams/test.tgz" restype=":ZipThing" id="bitstreams_test.tgz_1f19ccc6-6992-442b-9f59-e8d20d94a56c" permissions="res-default">
        <bitstream permissions="prop-default">testdata/bitstreams/test.tgz</bitstream>
    </resource>
    <resource label="testdata/bitstreams/test.z" restype=":ZipThing" id="bitstreams_test.z_536fef35-e076-4187-ac5d-05d3a676a604" permissions="res-default">
        <bitstream permissions="prop-default">testdata/bitstreams/test.z</bitstream>
    </resource>
    <resource label="testdata/bitstreams/test.zip" restype=":ZipThing" id="bitstreams_test.zip_e04712ba-d37f-4ead-a617-cff2b38f9493" permissions="res-default">
        <bitstream permissions="prop-default">testdata/bitstreams/test.zip</bitstream>
    </resource>
    <resource label="testdata/bitstreams/test.csv" restype=":TextThing" id="bitstreams_test.csv_7b89b1c2-f34f-46fd-9ff3-c1ec373cb4d2" permissions="res-default">
        <bitstream permissions="prop-default">testdata/bitstreams/test.csv</bitstream>
    </resource>
    <resource label="testdata/bitstreams/test.txt" restype=":TextThing" id="bitstreams_test.txt_50d8ad67-a79c-43d1-aefd-1da4329757d1" permissions="res-default">
        <bitstream permissions="prop-default">testdata/bitstreams/test.txt</bitstream>
    </resource>
    <resource label="testdata/bitstreams/test.xml" restype=":TextThing" id="bitstreams_test.xml_eb6bd4e4-3a6b-4c0e-a3b7-0f62a31d5ac9" permissions="res-default">
        <bitstream permissions="prop-default">testdata/bitstreams/test.xml</bitstream>
    </resource>
    <resource label="testdata/bitstreams/test.xsd" restype=":TextThing" id="bitstreams_test.xsd_1a01c852-82c9-4785-9ffe-e651fdf7938e" permissions="res-default">
        <bitstream permissions="prop-default">testdata/bitstreams/test.xsd</bitstream>
    </resource>
    <resource label="testdata/bitstreams/test.xsl" restype=":TextThing" id="bitstreams_test.xsl_2ebbfa82-0e88-442e-9ef1-b2d83ab653fe" permissions="res-default">
        <bitstream permissions="prop-default">testdata/bitstreams/test.xsl</bitstream>
    </resource>
    <resource label="testdata/bitstreams/test.doc" restype=":DocumentThing" id="bitstreams_test.doc_c0ed1bcf-a9fe-435b-9274-656f36a0d4e1" permissions="res-default">
        <bitstream permissions="prop-default">testdata/bitstreams/test.doc</bitstream>
    </resource>
    <resource label="testdata/bitstreams/test.docx" restype=":DocumentThing" id="bitstreams_test.docx_a96f613b-77e4-457b-8eb3-457aa2eae1d8" permissions="res-default">
        <bitstream permissions="prop-default">testdata/bitstreams/test.docx</bitstream>
    </resource>
    <resource label="testdata/bitstreams/test.pdf" restype=":DocumentThing" id="bitstreams_test.pdf_72573fb9-ba69-4a64-bdbc-503f1aac2b46" permissions="res-default">
        <bitstream permissions="prop-default">testdata/bitstreams/test.pdf</bitstream>
    </resource>
    <resource label="testdata/bitstreams/test.ppt" restype=":DocumentThing" id="bitstreams_test.ppt_f21e5896-24fb-441d-9784-cf2b167e3392" permissions="res-default">
        <bitstream permissions="prop-default">testdata/bitstreams/test.ppt</bitstream>
    </resource>
    <resource label="testdata/bitstreams/test.pptx" restype=":DocumentThing" id="bitstreams_test.pptx_94cce29e-1bdc-4147-b567-b6fff3dbe215" permissions="res-default">
        <bitstream permissions="prop-default">testdata/bitstreams/test.pptx</bitstream>
    </resource>
    <resource label="testdata/bitstreams/test.xls" restype=":DocumentThing" id="bitstreams_test.xls_184f5a32-90eb-43ed-b4b0-f7e9c2cd259e" permissions="res-default">
        <bitstream permissions="prop-default">testdata/bitstreams/test.xls</bitstream>
    </resource>
    <resource label="testdata/bitstreams/test.xlsx" restype=":DocumentThing" id="bitstreams_test.xlsx_c4853edb-ef3a-40b5-82fa-8de419ba60a8" permissions="res-default">
        <bitstream permissions="prop-default">testdata/bitstreams/test.xlsx</bitstream>
    </resource>
    <resource label="testdata/bitstreams/test.mp3" restype=":AudioThing" id="bitstreams_test.mp3_7aa3b9fb-7ea5-48cd-97e5-3c57d9c717fa" permissions="res-default">
        <bitstream permissions="prop-default">testdata/bitstreams/test.mp3</bitstream>
    </resource>
    <resource label="testdata/bitstreams/test.wav" restype=":AudioThing" id="bitstreams_test.wav_7ceb8aa0-d5a2-420b-b331-d4ccd0ecc129" permissions="res-default">
        <bitstream permissions="prop-default">testdata/bitstreams/test.wav</bitstream>
    </resource>
</knora>
