<?xml version='1.0' encoding='utf-8'?>

<knora xmlns="https://dasch.swiss/schema"
       xmlns:xsi="http://www.w3.org/2001/XMLSchema-instance"
       xsi:schemaLocation="https://dasch.swiss/schema ../../src/dsp_tools/resources/schema/data.xsd"
       shortcode="4125"
       default-ontology="e2e-testonto">

    <permissions id="open">
        <allow group="UnknownUser">V</allow>
        <allow group="KnownUser">V</allow>
        <allow group="ProjectMember">D</allow>
        <allow group="ProjectAdmin">CR</allow>
    </permissions>

    <authorship id="authorship_1">
        <author>Johannes Nussbaum</author>
    </authorship>
    <authorship id="authorship_2">
        <author>Nora Ammann</author>
    </authorship>
    <authorship id="authorship_3">
        <author>Cavanagh, Annie</author>
    </authorship>

    <resource label="Resource 1"
              restype=":ImageResource"
              id="resource_1"
              permissions="open">
        <bitstream license="http://rdfh.ch/licenses/cc-by-4.0"
                   copyright-holder="DaSCH"
                   authorship-id="authorship_1"
        >testdata/bitstreams/test.jpg</bitstream>
    </resource>

    <resource label="Resource 2"
              restype=":ImageResource"
              id="resource_2">
        <iiif-uri license="http://rdfh.ch/licenses/cc-by-nc-4.0"
                  copyright-holder="Wellcome Collection"
                  authorship-id="authorship_3"
                   permissions="open"
        >
            https://iiif.wellcomecollection.org/image/b20432033_B0008608.JP2/full/1338%2C/0/default.jpg
        </iiif-uri>
        <text-prop name=":hasText">
            <text encoding="utf8" comment="Comment">first text value</text>
            <text encoding="utf8" permissions="open">second text value</text>
        </text-prop>
    </resource>

    <resource label="Resource 3"
              restype=":PDFResource"
              id="resource_3">
        <bitstream license="http://rdfh.ch/licenses/cc-by-4.0"
                   copyright-holder="DaSCH"
                   authorship-id="authorship_2"
                   permissions="open"
        >testdata/bitstreams/test.pdf</bitstream>
    </resource>

</knora>
