<?xml version='1.0' encoding='utf-8'?>

<knora xmlns="https://dasch.swiss/schema"
       xmlns:xsi="http://www.w3.org/2001/XMLSchema-instance"
       xsi:schemaLocation="https://dasch.swiss/schema ../../src/dsp_tools/resources/schema/data.xsd"
       shortcode="4123"
       default-ontology="testonto">
    <resource label="Documentthing-xls"
              restype=":DocumentThing"
              id="document_thing_2" >
        <bitstream>testdata/bitstreams/test.xls</bitstream>
        <text-prop name=":hasSimpleText">
            <text encoding="utf8">This is a Documentthing as XLS</text>
        </text-prop>
    </resource>
</knora>
