<?xml version='1.0' encoding='utf-8'?>

<knora xmlns="https://dasch.swiss/schema"
       xmlns:xsi="http://www.w3.org/2001/XMLSchema-instance"
       xsi:schemaLocation="https://dasch.swiss/schema ../knora/dsplib/schemas/data.xsd"
       shortcode="4124"
       default-ontology="minimalOnto">

    <resource label="The only resource"
              restype=":minimalResource"
              id="the_only_resource"
              invalidtag="invalid tag">
    </resource>

</knora>
