<?xml version='1.0' encoding='utf-8'?>

<knora xmlns="https://dasch.swiss/schema"
       xmlns:xsi="http://www.w3.org/2001/XMLSchema-instance"
       xsi:schemaLocation="https://dasch.swiss/schema ../knora/dsplib/schemas/data.xsd"
       shortcode="4123"
       default-ontology="testonto">

    <!-- permissions: see https://docs.dasch.swiss/latest/DSP-API/02-knora-ontologies/knora-base/#permissions -->
    <permissions id="res-default">
        <allow group="UnknownUser">RV</allow>
        <allow group="KnownUser">V</allow>
        <allow group="Creator">M</allow>
        <allow group="ProjectAdmin">CR</allow>
    </permissions>
    <permissions id="res-restricted">
        <allow group="KnownUser">V</allow>
        <allow group="Creator">CR</allow>
        <allow group="ProjectAdmin">CR</allow>
    </permissions>
    <permissions id="prop-default">
        <allow group="UnknownUser">V</allow>
        <allow group="KnownUser">V</allow>
        <allow group="Creator">D</allow>
        <allow group="ProjectAdmin">CR</allow>
    </permissions>
    <permissions id="prop-restricted">
        <allow group="KnownUser">V</allow>
        <allow group="Creator">CR</allow>
        <allow group="ProjectAdmin">CR</allow>
    </permissions>

    <resource label="TestthingOhnePermissions"
              restype=":TestThing2"
              id="test_thing_0">
        <text-prop name=":hasText">
            <text encoding="utf8">Dies ist ein TestThing ohne Angabe von permissions</text>
        </text-prop>
        <resptr-prop name=":hasTestThing">
            <resptr permissions="prop-default">test_thing_1</resptr>
        </resptr-prop>
    </resource>

    <annotation label="Annotation to TestthingOhnePermissions"
                id="annotation_1"
                permissions="res-default">
        <text-prop name="hasComment">
            <text encoding="utf8" permissions="prop-default">This is an annotation to TestthingOhnePermissions.</text>
            <text encoding="utf8" permissions="prop-default">Second comment</text>
        </text-prop>
        <resptr-prop name="isAnnotationOf">
            <resptr permissions="prop-default">test_thing_0</resptr>
        </resptr-prop>
    </annotation>

    <resource label="First Testthing"
              restype=":TestThing"
              id="test_thing_1"
              permissions="res-default">
        <text-prop name=":hasText">
            <text permissions="prop-default" encoding="utf8">Dies ist ein einfacher Text ohne Markup</text>
            <text permissions="prop-restricted" encoding="utf8">Nochmals ein einfacher Text</text>
        </text-prop>
        <text-prop name=":hasRichtext">
            <text permissions="prop-default" encoding="xml">
                This is <em>bold and <strong>strong</strong></em> text! It contains links to all resources:
                <a class="salsah-link" href="IRI:test_thing_0:IRI">test_thing_0</a>
                <a class="salsah-link" href="IRI:test_thing_1:IRI">test_thing_1</a>
                <a class="salsah-link" href="IRI:image_thing_0:IRI">image_thing_0</a>
                <a class="salsah-link" href="IRI:compound_thing_0:IRI">compound_thing_0</a>
                <a class="salsah-link" href="IRI:partof_thing_1:IRI">partof_thing_1</a>
                <a class="salsah-link" href="IRI:partof_thing_2:IRI">partof_thing_2</a>
                <a class="salsah-link" href="IRI:partof_thing_3:IRI">partof_thing_3</a>
                <a class="salsah-link" href="IRI:document_thing_1:IRI">document_thing_1</a>
                <a class="salsah-link" href="IRI:text_thing_1:IRI">text_thing_1</a>
                <a class="salsah-link" href="IRI:zip_thing_1:IRI">zip_thing_1</a>
                <a class="salsah-link" href="IRI:audio_thing_1:IRI">audio_thing_1</a>
                <a class="salsah-link" href="IRI:test_thing_2:IRI">test_thing_2</a>
            </text>
            <text permissions="prop-default" encoding="xml">
                Another text without salsah-links
            </text>
            <text permissions="prop-default" encoding="xml">
                Another text without salsah-links
            </text>
        </text-prop>
        <uri-prop name=":hasUri">
            <uri permissions="prop-default">https://dasch.swiss</uri>
        </uri-prop>
        <boolean-prop name=":hasBoolean">
            <boolean permissions="prop-default">true</boolean>
        </boolean-prop>
        <date-prop name=":hasDate">
            <date permissions="prop-default">JULIAN:BCE:0700:BCE:0600</date>
        </date-prop>
        <integer-prop name=":hasInteger">
            <integer permissions="prop-default">4711</integer>
        </integer-prop>
        <decimal-prop name=":hasDecimal">
            <decimal permissions="prop-default" comment="Eulersche Zahl">2.718281828459</decimal>
        </decimal-prop>
        <geoname-prop name=":hasGeoname">
            <geoname permissions="prop-default" comment="A sacred place for railroad fans">5416656</geoname>
        </geoname-prop>
        <interval-prop name=":hasInterval">
            <interval permissions="prop-default">12.5:14.2</interval>
        </interval-prop>
        <color-prop name=":hasColor">
            <color permissions="prop-default">#00ff00</color>
        </color-prop>
        <list-prop list="testlist" name=":hasListItem">
            <list permissions="prop-default">b2</list>
        </list-prop>
        <resptr-prop name=":hasTestThing2">
            <resptr permissions="prop-default">test_thing_0</resptr>
        </resptr-prop>
        <resptr-prop name=":hasResource">
            <resptr permissions="prop-default">test_thing_0</resptr>
            <resptr permissions="prop-default">test_thing_2</resptr>
            <resptr permissions="prop-default">image_thing_0</resptr>
            <resptr permissions="prop-default">compound_thing_0</resptr>
            <resptr permissions="prop-default">partof_thing_1</resptr>
            <resptr permissions="prop-default">partof_thing_2</resptr>
            <resptr permissions="prop-default">partof_thing_3</resptr>
            <resptr permissions="prop-default">document_thing_1</resptr>
            <resptr permissions="prop-default">text_thing_1</resptr>
            <resptr permissions="prop-default">zip_thing_1</resptr>
            <resptr permissions="prop-default">audio_thing_1</resptr>
            <resptr permissions="prop-default">TestThing2Child1</resptr>
            <resptr permissions="prop-default">TestThing2Child2</resptr>
            <resptr permissions="prop-default">video_thing_1</resptr>
            <resptr permissions="prop-default">annotation_1</resptr>
            <resptr permissions="prop-default">region_1</resptr>
            <resptr permissions="prop-default">link_obj_1</resptr>
       </resptr-prop>
        <resptr-prop name=":hasRegion">
            <resptr permissions="prop-default">region_2</resptr>
        </resptr-prop>
        <resptr-prop name=":hasRepresentation">
            <resptr permissions="prop-default">image_thing_0</resptr>
            <resptr permissions="prop-default">video_thing_1</resptr>
            <resptr permissions="prop-default">document_thing_1</resptr>
            <resptr permissions="prop-default">text_thing_1</resptr>
            <resptr permissions="prop-default">zip_thing_1</resptr>
            <resptr permissions="prop-default">audio_thing_1</resptr>
        </resptr-prop>
        <resptr-prop name=":hasMovingImageRepresentation">
            <resptr permissions="prop-default">video_thing_1</resptr>
        </resptr-prop>
    </resource>

    <resource label="Second Testthing"
              restype=":TestThing"
              id="test_thing_2"
              permissions="res-default">
        <text-prop name=":hasText">
            <text permissions="prop-default" encoding="utf8">Dies ist ein einfacher Text ohne Markup</text>
            <text permissions="prop-restricted" encoding="utf8">Nochmals ein einfacher Text</text>
        </text-prop>
        <text-prop name=":hasRichtext">
            <text encoding="xml">
                This is <em>bold and <strong>strong</strong></em> text! It contains links to all resources:
                <a class="salsah-link" href="IRI:test_thing_0:IRI">test_thing_0</a>
                <a class="salsah-link" href="IRI:test_thing_1:IRI">test_thing_1</a>
                <a class="salsah-link" href="IRI:image_thing_0:IRI">image_thing_0</a>
                <a class="salsah-link" href="IRI:compound_thing_0:IRI">compound_thing_0</a>
                <a class="salsah-link" href="IRI:partof_thing_1:IRI">partof_thing_1</a>
                <a class="salsah-link" href="IRI:partof_thing_2:IRI">partof_thing_2</a>
                <a class="salsah-link" href="IRI:partof_thing_3:IRI">partof_thing_3</a>
                <a class="salsah-link" href="IRI:document_thing_1:IRI">document_thing_1</a>
                <a class="salsah-link" href="IRI:text_thing_1:IRI">text_thing_1</a>
                <a class="salsah-link" href="IRI:zip_thing_1:IRI">zip_thing_1</a>
                <a class="salsah-link" href="IRI:audio_thing_1:IRI">audio_thing_1</a>
                <a class="salsah-link" href="IRI:test_thing_2:IRI">test_thing_2</a>
            </text>
            <text permissions="prop-default" encoding="xml">
                Another text without salsah-links
            </text>
            <text permissions="prop-default" encoding="xml">
                Another text without salsah-links
            </text>
        </text-prop>
        <boolean-prop name=":hasBoolean">
            <boolean>false</boolean>
        </boolean-prop>
        <uri-prop name=":hasUri">
            <uri>https://dasch.swiss</uri>
        </uri-prop>
        <date-prop name=":hasDate">
            <date>JULIAN:BCE:0700:BCE:0600</date>
        </date-prop>
        <integer-prop name=":hasInteger">
            <integer>4711</integer>
        </integer-prop>
        <decimal-prop name=":hasDecimal">
            <decimal comment="Eulersche Zahl">2.718281828459</decimal>
        </decimal-prop>
        <geoname-prop name=":hasGeoname">
            <geoname comment="A sacred place for railroad fans">5416656</geoname>
        </geoname-prop>
        <interval-prop name=":hasInterval">
            <interval>12.5:14.2</interval>
        </interval-prop>
        <color-prop name=":hasColor">
            <color>#00ff00</color>
        </color-prop>
        <resptr-prop name=":hasTestThing2">
            <resptr>test_thing_0</resptr>
        </resptr-prop>
    </resource>

    <resource label="Imagething"
              restype=":ImageThing"
              id="image_thing_0"
              permissions="res-default">
        <bitstream>testdata/bitstreams/TEMP11.TIF</bitstream>
        <text-prop name=":hasText">
            <text permissions="prop-default" encoding="utf8">This is a Imagething</text>
        </text-prop>
    </resource>

    <region label="Region in image"
            id="region_1"
            permissions="res-restricted">
        <color-prop name="hasColor">
            <color permissions="prop-restricted">#5d1f1e</color>
        </color-prop>
        <resptr-prop name="isRegionOf">
            <resptr permissions="prop-default">image_thing_0</resptr>
        </resptr-prop>
        <geometry-prop name="hasGeometry">
            <geometry permissions="prop-default">
                {
                    "status": "active",
                    "type": "rectangle",
                    "lineColor": "#ff3333",
                    "lineWidth": 2,
                    "points": [
                        {"x":0.080985915492957750,"y":0.16741071428571427},
                        {"x":0.739436619718309900,"y":0.72991071428571430}
                    ],
                    "original_index": 0
                }
            </geometry>
        </geometry-prop>
        <text-prop name="hasComment">
            <text encoding="xml" permissions="prop-default">
                This is a rectangle-formed region of interest of an image. It is also displayed as Annotation.
            </text>
        </text-prop>
    </region>

    <resource label="Compoundthing"
              restype=":CompoundThing"
              id="compound_thing_0"
              permissions="res-default">
        <text-prop name=":hasText">
            <text permissions="prop-default" encoding="utf8">This is a Compoundthing</text>
        </text-prop>
    </resource>

    <resource label="Partofthing-1"
              restype=":PartOfThing"
              id="partof_thing_1"
              permissions="res-default">
        <bitstream>testdata/bitstreams/TEMP12.TIF</bitstream>
        <resptr-prop name="knora-api:isPartOf">
            <resptr permissions="prop-default">compound_thing_0</resptr>
        </resptr-prop>
        <integer-prop name="knora-api:seqnum">
            <integer permissions="prop-default">1</integer>
        </integer-prop>
    </resource>

    <resource label="Partofthing-2"
              restype=":PartOfThing"
              id="partof_thing_2"
              permissions="res-default">
        <bitstream>testdata/bitstreams/TEMP13.TIF</bitstream>
        <resptr-prop name="knora-api:isPartOf">
            <resptr permissions="prop-default">compound_thing_0</resptr>
        </resptr-prop>
        <integer-prop name="knora-api:seqnum">
            <integer permissions="prop-default">2</integer>
        </integer-prop>
    </resource>

    <resource label="Partofthing-3"
              restype=":PartOfThing"
              id="partof_thing_3"
              permissions="res-default">
        <bitstream>testdata/bitstreams/TEMP14.TIF</bitstream>
        <resptr-prop name="knora-api:isPartOf">
            <resptr permissions="prop-default">compound_thing_0</resptr>
        </resptr-prop>
        <integer-prop name="knora-api:seqnum">
            <integer permissions="prop-default">3</integer>
        </integer-prop>
    </resource>

    <resource label="Documentthing"
              restype=":DocumentThing"
              id="document_thing_1"
              permissions="res-default">
        <bitstream>testdata/bitstreams/test.pdf</bitstream>
        <text-prop name=":hasText">
            <text permissions="prop-default" encoding="utf8">This is a Documentthing</text>
        </text-prop>
    </resource>

    <resource label="Textthing-csv"
              restype=":TextThing"
              id="text_thing_1"
              permissions="res-default">
        <bitstream>testdata/bitstreams/test.csv</bitstream>
        <text-prop name=":hasText">
            <text permissions="prop-default" encoding="utf8">This is a Textthing as CSV</text>
        </text-prop>
    </resource>

    <resource label="Zipthing"
              restype=":ZipThing"
              id="zip_thing_1"
              permissions="res-default">
        <bitstream>testdata/bitstreams/test.zip</bitstream>
        <text-prop name=":hasText">
            <text permissions="prop-default" encoding="utf8">This is a Zipthing</text>
        </text-prop>
    </resource>

    <resource label="Audiothing"
              restype=":AudioThing"
              id="audio_thing_1"
              permissions="res-default">
        <bitstream>testdata/bitstreams/clara.wav</bitstream>
        <text-prop name=":hasText">
            <text permissions="prop-default" encoding="utf8">This is a Audiothing</text>
        </text-prop>
    </resource>

    <resource label="Moviething"
              restype=":MovieThing"
              id="video_thing_1"
              permissions="res-restricted">
        <bitstream>testdata/bitstreams/Dummy.mp4</bitstream>
        <text-prop name=":hasText">
            <text encoding="utf8" permissions="prop-default">Dummy video with music</text>
        </text-prop>
    </resource>

    <link label="Link between 'Second Testthing', 'Compoundthing' and 'Partofthing-1'"
          id="link_obj_1"
          permissions="res-default">
        <text-prop name="hasComment">
            <text permissions="prop-default" encoding="xml">
                A link object can link together an arbitrary number of resources from any resource class.
            </text>
            <text permissions="prop-default" encoding="xml">
                Second comment
            </text>
        </text-prop>
        <resptr-prop name="hasLinkTo">
            <resptr permissions="prop-default">test_thing_2</resptr>
            <resptr permissions="prop-default">compound_thing_0</resptr>
            <resptr permissions="prop-default">partof_thing_1</resptr>
        </resptr-prop>
    </link>

    <resource label="TestThing2Child1" 
              restype=":TestThing2Child1" 
              id="TestThing2Child1">
        <text-prop name=":hasTextChild1">
            <text encoding="utf8">Some text</text>
        </text-prop>
    </resource>

    <resource label="TestThing2Child2" 
              restype=":TestThing2Child2" 
              id="TestThing2Child2">
        <text-prop name=":hasTextChild2">
            <text encoding="utf8">Some text</text>
        </text-prop>
    </resource>

    <region label="Another region in image"
            id="region_2"
            permissions="res-restricted">
        <text-prop name="hasComment">
            <text encoding="xml" permissions="prop-default">
                This is a rectangle-formed region of interest of an image. It is also displayed as Annotation.
            </text>
            <text encoding="xml" permissions="prop-restricted">
                This is a second comment.
            </text>
        </text-prop>
        <geometry-prop name="hasGeometry">
            <geometry permissions="prop-default">
                {
                    "status": "active",
                    "type": "rectangle",
                    "lineColor": "#ff3333",
                    "lineWidth": 2,
                    "points": [
                        {"x":0.080985915492957750,"y":0.16741071428571427},
                        {"x":0.739436619718309900,"y":0.72991071428571430}
                    ],
                    "original_index": 0
                }
            </geometry>
        </geometry-prop>
        <resptr-prop name="isRegionOf">
            <resptr permissions="prop-default">image_thing_0</resptr>
        </resptr-prop>
        <color-prop name="hasColor">
            <color permissions="prop-restricted">#5d1f1e</color>
        </color-prop>
    </region>

</knora>
