<?xml version='1.0' encoding='utf-8'?>

<knora xmlns:xsi="http://www.w3.org/2001/XMLSchema-instance"
       xmlns="https://dasch.swiss/schema"
       xsi:schemaLocation="https://dasch.swiss/schema https://raw.githubusercontent.com/dasch-swiss/dsp-tools/main/knora/dsplib/schemas/data.xsd"
       shortcode="082E"
       default-ontology="rosetta">

    <!-- :permissions see https://docs.dasch.swiss/DSP-API/05-internals/design/api-admin/administration/#permissions -->
    <permissions id="res-default">
        <allow group="UnknownUser">V</allow>
        <allow group="KnownUser">V</allow>
        <allow group="Creator">CR</allow>
        <allow group="ProjectAdmin">CR</allow>
    </permissions>
    <permissions id="res-restricted">
        <allow group="UnknownUser">V</allow>
        <allow group="KnownUser">V</allow>
        <allow group="Creator">CR</allow>
        <allow group="ProjectAdmin">CR</allow>
    </permissions>
    <permissions id="prop-default">
        <allow group="UnknownUser">V</allow>
        <allow group="KnownUser">V</allow>
        <allow group="Creator">CR</allow>
        <allow group="ProjectAdmin">CR</allow>
    </permissions>
    <permissions id="prop-restricted">
        <allow group="UnknownUser">V</allow>
        <allow group="KnownUser">V</allow>
        <allow group="Creator">CR</allow>
        <allow group="ProjectAdmin">CR</allow>
    </permissions>

    <!-- :Image2D -->
    <resource label="Deluge2" restype=":Image2D" id="img_obj_1" permissions="res-default">
        <bitstream>Images/Danby-deluge.jpg</bitstream>
        <text-prop name=":hasTitle">
            <text permissions="prop-default" encoding="utf8">The Deluge</text>
        </text-prop>
        <resptr-prop name=":hasCreator">
            <resptr permissions="prop-default">person_2</resptr>
        </resptr-prop>
        <date-prop name=":hasDate">
            <date permissions="prop-default">GREGORIAN:CE:1877:CE:1879</date>
        </date-prop>
        <text-prop name=":hasDescription">
            <text permissions="prop-default" encoding="utf8">Oil paint on canvas.</text>
        </text-prop>
        <text-prop name=":hasCopyright">
            <text permissions="prop-default" encoding="utf8">The Deluge</text>
        </text-prop>
        <resptr-prop name=":inInstitution">
            <resptr permissions="prop-default">institution_2</resptr>
        </resptr-prop>
        <geoname-prop name=":hasLocation">
            <geoname permissions="prop-default" comment="London">6695209</geoname>
        </geoname-prop>
        <uri-prop name=":hasExternalLink">
            <uri permissions="prop-default">https://www.tate.org.uk/art/artworks/danby-the-deluge-t01337</uri>
        </uri-prop>
    </resource>

</knora>
